Program Start
Let's find the neighbor!
Total nodes: 7000  isolated node: 52  depended node: 283
the neighbor find end!!
Print result
Connect Node: 6400  Max Level: 181  Connected Dep node 195
Childr numb 0:  3539  1:  1758  2:  866  3:  443  4:  394
End!@@
Print result
Connect Node: 6402  Max Level: 181  Connected Dep node 197
Childr numb 0:  3537  1:  1760  2:  866  3:  443  4:  394
End!@@
Print result
Connect Node: 6402  Max Level: 197  Connected Dep node 197
Childr numb 0:  2540  1:  2912  2:  1233  3:  241  4:  74
End!@@
Program Start
Let's find the neighbor!
Total nodes: 7000  isolated node: 53  depended node: 269
the neighbor find end!!
Print result
Connect Node: 10  Max Level: 4  Connected Dep node 0
Childr numb 0:  6996  1:  3  2:  1  3:  0  4:  0
End!@@
Print result
Connect Node: 10  Max Level: 4  Connected Dep node 0
Childr numb 0:  6996  1:  3  2:  1  3:  0  4:  0
End!@@
Print result
Connect Node: 10  Max Level: 5  Connected Dep node 0
Childr numb 0:  6995  1:  5  2:  0  3:  0  4:  0
End!@@
Program Start
Let's find the neighbor!
Total nodes: 7000  isolated node: 69  depended node: 254
the neighbor find end!!
Print result
Connect Node: 6063  Max Level: 157  Connected Dep node 185
Childr numb 0:  3772  1:  1597  2:  813  3:  434  4:  384
End!@@
Print result
Connect Node: 6064  Max Level: 157  Connected Dep node 186
Childr numb 0:  3772  1:  1596  2:  814  3:  434  4:  384
End!@@
Print result
Connect Node: 6075  Max Level: 158  Connected Dep node 187
Childr numb 0:  2815  1:  2673  2:  1200  3:  248  4:  64
End!@@
Program Start
Let's find the neighbor!
Total nodes: 7000  isolated node: 51  depended node: 257
the neighbor find end!!
Print result
Connect Node: 5569  Max Level: 109  Connected Dep node 141
Childr numb 0:  4042  1:  1476  2:  740  3:  362  4:  380
End!@@
Print result
Connect Node: 5569  Max Level: 109  Connected Dep node 141
Childr numb 0:  4042  1:  1476  2:  740  3:  362  4:  380
End!@@
Print result
Connect Node: 5611  Max Level: 122  Connected Dep node 141
Childr numb 0:  3100  1:  2544  2:  1080  3:  204  4:  72
End!@@
Program Start
Let's find the neighbor!
Total nodes: 7000  isolated node: 60  depended node: 251
the neighbor find end!!
Print result
Connect Node: 6347  Max Level: 169  Connected Dep node 160
Childr numb 0:  3579  1:  1737  2:  853  3:  425  4:  406
End!@@
Print result
Connect Node: 6349  Max Level: 169  Connected Dep node 162
Childr numb 0:  3578  1:  1737  2:  854  3:  425  4:  406
End!@@
Print result
Connect Node: 6349  Max Level: 179  Connected Dep node 162
Childr numb 0:  2602  1:  2838  2:  1238  3:  258  4:  64
End!@@
Program Start
Let's find the neighbor!
Total nodes: 7000  isolated node: 56  depended node: 268
the neighbor find end!!
Print result
Connect Node: 4963  Max Level: 107  Connected Dep node 130
Childr numb 0:  4354  1:  1328  2:  665  3:  316  4:  337
End!@@
Print result
Connect Node: 4964  Max Level: 107  Connected Dep node 131
Childr numb 0:  4354  1:  1327  2:  666  3:  316  4:  337
End!@@
Print result
Connect Node: 4964  Max Level: 111  Connected Dep node 131
Childr numb 0:  3574  1:  2219  2:  943  3:  206  4:  58
End!@@
Program Start
Let's find the neighbor!
Total nodes: 7000  isolated node: 70  depended node: 259
the neighbor find end!!
Print result
Connect Node: 6340  Max Level: 150  Connected Dep node 168
Childr numb 0:  3615  1:  1691  2:  855  3:  421  4:  418
End!@@
Print result
Connect Node: 6340  Max Level: 150  Connected Dep node 168
Childr numb 0:  3615  1:  1691  2:  855  3:  421  4:  418
End!@@
Print result
Connect Node: 6345  Max Level: 160  Connected Dep node 168
Childr numb 0:  2629  1:  2813  2:  1222  3:  260  4:  76
End!@@
Program Start
Let's find the neighbor!
Total nodes: 7000  isolated node: 59  depended node: 251
the neighbor find end!!
Print result
Connect Node: 6  Max Level: 3  Connected Dep node 0
Childr numb 0:  6998  1:  1  2:  0  3:  1  4:  0
End!@@
Print result
Connect Node: 6  Max Level: 3  Connected Dep node 0
Childr numb 0:  6998  1:  1  2:  0  3:  1  4:  0
End!@@
Print result
Connect Node: 6  Max Level: 4  Connected Dep node 0
Childr numb 0:  6997  1:  2  2:  1  3:  0  4:  0
End!@@
Program Start
Let's find the neighbor!
Total nodes: 7000  isolated node: 60  depended node: 278
the neighbor find end!!
Print result
Connect Node: 5702  Max Level: 107  Connected Dep node 159
Childr numb 0:  3953  1:  1506  2:  779  3:  414  4:  348
End!@@
Print result
Connect Node: 5703  Max Level: 107  Connected Dep node 160
Childr numb 0:  3953  1:  1505  2:  780  3:  414  4:  348
End!@@
Print result
Connect Node: 5703  Max Level: 112  Connected Dep node 160
Childr numb 0:  3073  1:  2498  2:  1144  3:  227  4:  58
End!@@
Program Start
Let's find the neighbor!
Total nodes: 7000  isolated node: 68  depended node: 309
the neighbor find end!!
Print result
Connect Node: 6111  Max Level: 147  Connected Dep node 185
Childr numb 0:  3748  1:  1617  2:  814  3:  424  4:  397
End!@@
Print result
Connect Node: 6112  Max Level: 147  Connected Dep node 186
Childr numb 0:  3748  1:  1617  2:  813  3:  425  4:  397
End!@@
Print result
Connect Node: 6131  Max Level: 160  Connected Dep node 187
Childr numb 0:  2755  1:  2735  2:  1202  3:  246  4:  62
End!@@
Program Start
Let's find the neighbor!
Total nodes: 7000  isolated node: 57  depended node: 278
the neighbor find end!!
Print result
Connect Node: 3638  Max Level: 138  Connected Dep node 100
Childr numb 0:  5023  1:  1012  2:  497  3:  245  4:  223
End!@@
Print result
Connect Node: 3639  Max Level: 138  Connected Dep node 101
Childr numb 0:  5022  1:  1013  2:  497  3:  245  4:  223
End!@@
Print result
Connect Node: 3639  Max Level: 140  Connected Dep node 101
Childr numb 0:  4431  1:  1686  2:  731  3:  122  4:  30
End!@@
Program Start
Let's find the neighbor!
Total nodes: 7000  isolated node: 46  depended node: 277
the neighbor find end!!
Print result
Connect Node: 5917  Max Level: 131  Connected Dep node 152
Childr numb 0:  3854  1:  1551  2:  807  3:  405  4:  383
End!@@
Print result
Connect Node: 5918  Max Level: 131  Connected Dep node 153
Childr numb 0:  3854  1:  1550  2:  808  3:  405  4:  383
End!@@
Print result
Connect Node: 5922  Max Level: 131  Connected Dep node 154
Childr numb 0:  2892  1:  2670  2:  1131  3:  243  4:  64
End!@@
Program Start
Let's find the neighbor!
Total nodes: 7000  isolated node: 59  depended node: 253
the neighbor find end!!
Print result
Connect Node: 5467  Max Level: 137  Connected Dep node 125
Childr numb 0:  4049  1:  1519  2:  697  3:  391  4:  344
End!@@
Print result
Connect Node: 5468  Max Level: 137  Connected Dep node 126
Childr numb 0:  4048  1:  1519  2:  699  3:  390  4:  344
End!@@
Print result
Connect Node: 5472  Max Level: 138  Connected Dep node 127
Childr numb 0:  3212  1:  2442  2:  1068  3:  223  4:  55
End!@@
Program Start
Let's find the neighbor!
Total nodes: 7000  isolated node: 61  depended node: 269
the neighbor find end!!
Print result
Connect Node: 6275  Max Level: 175  Connected Dep node 174
Childr numb 0:  3638  1:  1656  2:  888  3:  433  4:  385
End!@@
Print result
Connect Node: 6279  Max Level: 175  Connected Dep node 177
Childr numb 0:  3636  1:  1656  2:  890  3:  433  4:  385
End!@@
Print result
Connect Node: 6282  Max Level: 173  Connected Dep node 177
Childr numb 0:  2649  1:  2813  2:  1218  3:  251  4:  69
End!@@
Program Start
Let's find the neighbor!
Total nodes: 7000  isolated node: 69  depended node: 251
the neighbor find end!!
Print result
Connect Node: 2279  Max Level: 142  Connected Dep node 48
Childr numb 0:  5813  1:  562  2:  310  3:  168  4:  147
End!@@
Print result
Connect Node: 2280  Max Level: 142  Connected Dep node 49
Childr numb 0:  5812  1:  563  2:  310  3:  168  4:  147
End!@@
Print result
Connect Node: 2280  Max Level: 144  Connected Dep node 49
Childr numb 0:  5455  1:  987  2:  420  3:  104  4:  34
End!@@
Program Start
Let's find the neighbor!
Total nodes: 7000  isolated node: 54  depended node: 236
the neighbor find end!!
Print result
Connect Node: 5562  Max Level: 109  Connected Dep node 137
Childr numb 0:  4014  1:  1500  2:  765  3:  355  4:  366
End!@@
Print result
Connect Node: 5562  Max Level: 109  Connected Dep node 137
Childr numb 0:  4014  1:  1500  2:  765  3:  355  4:  366
End!@@
Print result
Connect Node: 5594  Max Level: 112  Connected Dep node 138
Childr numb 0:  3124  1:  2481  2:  1121  3:  228  4:  46
End!@@
Program Start
Let's find the neighbor!
Total nodes: 7000  isolated node: 63  depended node: 258
the neighbor find end!!
Print result
Connect Node: 6419  Max Level: 137  Connected Dep node 176
Childr numb 0:  3577  1:  1693  2:  881  3:  436  4:  413
End!@@
Print result
Connect Node: 6419  Max Level: 137  Connected Dep node 176
Childr numb 0:  3577  1:  1693  2:  881  3:  436  4:  413
End!@@
Print result
Connect Node: 6419  Max Level: 154  Connected Dep node 176
Childr numb 0:  2557  1:  2865  2:  1238  3:  286  4:  54
End!@@
Program Start
Let's find the neighbor!
Total nodes: 7000  isolated node: 55  depended node: 253
the neighbor find end!!
Print result
Connect Node: 5570  Max Level: 118  Connected Dep node 146
Childr numb 0:  4030  1:  1473  2:  749  3:  394  4:  354
End!@@
Print result
Connect Node: 5570  Max Level: 118  Connected Dep node 146
Childr numb 0:  4030  1:  1473  2:  749  3:  394  4:  354
End!@@
Print result
Connect Node: 5570  Max Level: 118  Connected Dep node 146
Childr numb 0:  3163  1:  2431  2:  1140  3:  206  4:  60
End!@@
Program Start
Let's find the neighbor!
Total nodes: 7000  isolated node: 75  depended node: 263
the neighbor find end!!
Print result
Connect Node: 5553  Max Level: 197  Connected Dep node 159
Childr numb 0:  4006  1:  1547  2:  715  3:  359  4:  373
End!@@
Print result
Connect Node: 5554  Max Level: 197  Connected Dep node 160
Childr numb 0:  4005  1:  1548  2:  715  3:  359  4:  373
End!@@
Print result
Connect Node: 5554  Max Level: 203  Connected Dep node 160
Childr numb 0:  3150  1:  2503  2:  1067  3:  210  4:  70
End!@@
Program Start
Let's find the neighbor!
Total nodes: 7000  isolated node: 48  depended node: 270
the neighbor find end!!
Print result
Connect Node: 6256  Max Level: 183  Connected Dep node 175
Childr numb 0:  3678  1:  1647  2:  835  3:  425  4:  415
End!@@
Print result
Connect Node: 6260  Max Level: 183  Connected Dep node 179
Childr numb 0:  3675  1:  1650  2:  834  3:  426  4:  415
End!@@
Print result
Connect Node: 6260  Max Level: 191  Connected Dep node 179
Childr numb 0:  2675  1:  2762  2:  1269  3:  220  4:  74
End!@@
Program Start
Let's find the neighbor!
Total nodes: 7000  isolated node: 57  depended node: 272
the neighbor find end!!
Print result
Connect Node: 6423  Max Level: 234  Connected Dep node 180
Childr numb 0:  3617  1:  1642  2:  877  3:  431  4:  433
End!@@
Print result
Connect Node: 6425  Max Level: 234  Connected Dep node 182
Childr numb 0:  3616  1:  1643  2:  877  3:  430  4:  434
End!@@
Print result
Connect Node: 6427  Max Level: 237  Connected Dep node 183
Childr numb 0:  2532  1:  2872  2:  1293  3:  245  4:  58
End!@@
Program Start
Let's find the neighbor!
Total nodes: 7000  isolated node: 58  depended node: 255
the neighbor find end!!
Print result
Connect Node: 6035  Max Level: 144  Connected Dep node 152
Childr numb 0:  3769  1:  1596  2:  836  3:  438  4:  361
End!@@
Print result
Connect Node: 6035  Max Level: 144  Connected Dep node 152
Childr numb 0:  3769  1:  1596  2:  836  3:  438  4:  361
End!@@
Print result
Connect Node: 6035  Max Level: 158  Connected Dep node 152
Childr numb 0:  2811  1:  2707  2:  1193  3:  223  4:  66
End!@@
Program Start
Let's find the neighbor!
Total nodes: 7000  isolated node: 46  depended node: 287
the neighbor find end!!
Print result
Connect Node: 6160  Max Level: 157  Connected Dep node 189
Childr numb 0:  3632  1:  1735  2:  847  3:  419  4:  367
End!@@
Print result
Connect Node: 6161  Max Level: 157  Connected Dep node 190
Childr numb 0:  3632  1:  1734  2:  848  3:  419  4:  367
End!@@
Print result
Connect Node: 6161  Max Level: 136  Connected Dep node 190
Childr numb 0:  2714  1:  2775  2:  1207  3:  250  4:  54
End!@@
Program Start
Let's find the neighbor!
Total nodes: 7000  isolated node: 54  depended node: 280
the neighbor find end!!
Print result
Connect Node: 6277  Max Level: 110  Connected Dep node 168
Childr numb 0:  3634  1:  1687  2:  839  3:  453  4:  387
End!@@
Print result
Connect Node: 6280  Max Level: 110  Connected Dep node 171
Childr numb 0:  3632  1:  1689  2:  838  3:  454  4:  387
End!@@
Print result
Connect Node: 6280  Max Level: 127  Connected Dep node 171
Childr numb 0:  2652  1:  2811  2:  1210  3:  264  4:  63
End!@@
Program Start
Let's find the neighbor!
Total nodes: 7000  isolated node: 60  depended node: 294
the neighbor find end!!
Print result
Connect Node: 5981  Max Level: 160  Connected Dep node 172
Childr numb 0:  3808  1:  1584  2:  817  3:  406  4:  385
End!@@
Print result
Connect Node: 5981  Max Level: 160  Connected Dep node 172
Childr numb 0:  3808  1:  1584  2:  817  3:  406  4:  385
End!@@
Print result
Connect Node: 5981  Max Level: 165  Connected Dep node 172
Childr numb 0:  2862  1:  2636  2:  1220  3:  228  4:  54
End!@@
Program Start
Let's find the neighbor!
Total nodes: 7000  isolated node: 67  depended node: 269
the neighbor find end!!
Print result
Connect Node: 6334  Max Level: 150  Connected Dep node 170
Childr numb 0:  3582  1:  1712  2:  889  3:  426  4:  391
End!@@
Print result
Connect Node: 6335  Max Level: 150  Connected Dep node 171
Childr numb 0:  3582  1:  1711  2:  890  3:  426  4:  391
End!@@
Print result
Connect Node: 6335  Max Level: 151  Connected Dep node 171
Childr numb 0:  2607  1:  2836  2:  1244  3:  243  4:  70
End!@@
Program Start
Let's find the neighbor!
Total nodes: 7000  isolated node: 47  depended node: 281
the neighbor find end!!
Print result
Connect Node: 3893  Max Level: 177  Connected Dep node 98
Childr numb 0:  4921  1:  1023  2:  557  3:  248  4:  251
End!@@
Print result
Connect Node: 3894  Max Level: 177  Connected Dep node 99
Childr numb 0:  4920  1:  1024  2:  557  3:  248  4:  251
End!@@
Print result
Connect Node: 3907  Max Level: 187  Connected Dep node 100
Childr numb 0:  4335  1:  1674  2:  786  3:  167  4:  38
End!@@
Program Start
Let's find the neighbor!
Total nodes: 7000  isolated node: 50  depended node: 271
the neighbor find end!!
Print result
Connect Node: 6043  Max Level: 157  Connected Dep node 152
Childr numb 0:  3781  1:  1604  2:  805  3:  414  4:  396
End!@@
Print result
Connect Node: 6043  Max Level: 157  Connected Dep node 152
Childr numb 0:  3781  1:  1604  2:  805  3:  414  4:  396
End!@@
Print result
Connect Node: 6045  Max Level: 150  Connected Dep node 153
Childr numb 0:  2822  1:  2678  2:  1199  3:  238  4:  63
End!@@
Program Start
Let's find the neighbor!
Total nodes: 7000  isolated node: 55  depended node: 265
the neighbor find end!!
Print result
Connect Node: 6028  Max Level: 172  Connected Dep node 164
Childr numb 0:  3764  1:  1660  2:  755  3:  433  4:  388
End!@@
Print result
Connect Node: 6030  Max Level: 172  Connected Dep node 166
Childr numb 0:  3763  1:  1661  2:  754  3:  434  4:  388
End!@@
Print result
Connect Node: 6032  Max Level: 169  Connected Dep node 167
Childr numb 0:  2825  1:  2712  2:  1149  3:  241  4:  73
End!@@
Program Start
Let's find the neighbor!
Total nodes: 7000  isolated node: 66  depended node: 291
the neighbor find end!!
Print result
Connect Node: 5471  Max Level: 135  Connected Dep node 152
Childr numb 0:  4082  1:  1482  2:  682  3:  396  4:  358
End!@@
Print result
Connect Node: 5471  Max Level: 135  Connected Dep node 152
Childr numb 0:  4082  1:  1482  2:  682  3:  396  4:  358
End!@@
Print result
Connect Node: 5471  Max Level: 136  Connected Dep node 152
Childr numb 0:  3204  1:  2468  2:  1052  3:  210  4:  66
End!@@
