Program Start
Let's find the neighbor!
Total nodes: 8500  isolated node: 35  depended node: 131
the neighbor find end!!
Print result
Connect Node: 8238  Max Level: 103  Connected Dep node 98
Childr numb 0:  4402  1:  1862  2:  998  3:  577  4:  661
End!@@
Print result
Connect Node: 8238  Max Level: 103  Connected Dep node 98
Childr numb 0:  4402  1:  1862  2:  998  3:  577  4:  661
End!@@
Print result
Connect Node: 8242  Max Level: 108  Connected Dep node 98
Childr numb 0:  3011  1:  3406  2:  1532  3:  437  4:  114
End!@@
Program Start
Let's find the neighbor!
Total nodes: 8500  isolated node: 26  depended node: 148
the neighbor find end!!
Print result
Connect Node: 8321  Max Level: 127  Connected Dep node 116
Childr numb 0:  4356  1:  1882  2:  1037  3:  541  4:  684
End!@@
Print result
Connect Node: 8322  Max Level: 127  Connected Dep node 117
Childr numb 0:  4356  1:  1881  2:  1038  3:  541  4:  684
End!@@
Print result
Connect Node: 8326  Max Level: 134  Connected Dep node 119
Childr numb 0:  2959  1:  3425  2:  1598  3:  373  4:  145
End!@@
Program Start
Let's find the neighbor!
Total nodes: 8500  isolated node: 34  depended node: 133
the neighbor find end!!
Print result
Connect Node: 8314  Max Level: 98  Connected Dep node 106
Childr numb 0:  4372  1:  1897  2:  975  3:  564  4:  692
End!@@
Print result
Connect Node: 8315  Max Level: 98  Connected Dep node 106
Childr numb 0:  4371  1:  1898  2:  975  3:  564  4:  692
End!@@
Print result
Connect Node: 8318  Max Level: 95  Connected Dep node 106
Childr numb 0:  2894  1:  3533  2:  1563  3:  388  4:  122
End!@@
Program Start
Let's find the neighbor!
Total nodes: 8500  isolated node: 26  depended node: 157
the neighbor find end!!
Print result
Connect Node: 8238  Max Level: 89  Connected Dep node 125
Childr numb 0:  4385  1:  1895  2:  997  3:  552  4:  671
End!@@
Print result
Connect Node: 8239  Max Level: 89  Connected Dep node 126
Childr numb 0:  4384  1:  1896  2:  997  3:  552  4:  671
End!@@
Print result
Connect Node: 8241  Max Level: 93  Connected Dep node 127
Childr numb 0:  3033  1:  3367  2:  1585  3:  365  4:  150
End!@@
Program Start
Let's find the neighbor!
Total nodes: 8500  isolated node: 27  depended node: 162
the neighbor find end!!
Print result
Connect Node: 8342  Max Level: 108  Connected Dep node 124
Childr numb 0:  4366  1:  1867  2:  1008  3:  583  4:  676
End!@@
Print result
Connect Node: 8344  Max Level: 108  Connected Dep node 126
Childr numb 0:  4364  1:  1869  2:  1008  3:  583  4:  676
End!@@
Print result
Connect Node: 8344  Max Level: 111  Connected Dep node 126
Childr numb 0:  2929  1:  3474  2:  1569  3:  386  4:  142
End!@@
Program Start
Let's find the neighbor!
Total nodes: 8500  isolated node: 22  depended node: 142
the neighbor find end!!
Print result
Connect Node: 8292  Max Level: 101  Connected Dep node 112
Childr numb 0:  4301  1:  1956  2:  1036  3:  571  4:  636
End!@@
Print result
Connect Node: 8292  Max Level: 101  Connected Dep node 112
Childr numb 0:  4301  1:  1956  2:  1036  3:  571  4:  636
End!@@
Print result
Connect Node: 8297  Max Level: 101  Connected Dep node 113
Childr numb 0:  2988  1:  3409  2:  1589  3:  353  4:  161
End!@@
Program Start
Let's find the neighbor!
Total nodes: 8500  isolated node: 21  depended node: 131
the neighbor find end!!
Print result
Connect Node: 8325  Max Level: 103  Connected Dep node 102
Childr numb 0:  4337  1:  1898  2:  1037  3:  565  4:  663
End!@@
Print result
Connect Node: 8325  Max Level: 103  Connected Dep node 102
Childr numb 0:  4337  1:  1898  2:  1037  3:  565  4:  663
End!@@
Print result
Connect Node: 8325  Max Level: 106  Connected Dep node 102
Childr numb 0:  2965  1:  3422  2:  1593  3:  369  4:  151
End!@@
Program Start
Let's find the neighbor!
Total nodes: 8500  isolated node: 27  depended node: 154
the neighbor find end!!
Print result
Connect Node: 8264  Max Level: 108  Connected Dep node 112
Childr numb 0:  4347  1:  1942  2:  982  3:  561  4:  668
End!@@
Print result
Connect Node: 8268  Max Level: 108  Connected Dep node 116
Childr numb 0:  4347  1:  1941  2:  981  3:  562  4:  669
End!@@
Print result
Connect Node: 8268  Max Level: 108  Connected Dep node 116
Childr numb 0:  2995  1:  3387  2:  1610  3:  374  4:  134
End!@@
Program Start
Let's find the neighbor!
Total nodes: 8500  isolated node: 28  depended node: 153
the neighbor find end!!
Print result
Connect Node: 8308  Max Level: 99  Connected Dep node 118
Childr numb 0:  4354  1:  1903  2:  992  3:  586  4:  665
End!@@
Print result
Connect Node: 8310  Max Level: 99  Connected Dep node 120
Childr numb 0:  4354  1:  1902  2:  992  3:  587  4:  665
End!@@
Print result
Connect Node: 8313  Max Level: 106  Connected Dep node 120
Childr numb 0:  2995  1:  3376  2:  1606  3:  370  4:  153
End!@@
Program Start
Let's find the neighbor!
Total nodes: 8500  isolated node: 27  depended node: 137
the neighbor find end!!
Print result
Connect Node: 8308  Max Level: 110  Connected Dep node 99
Childr numb 0:  4348  1:  1916  2:  1012  3:  533  4:  691
End!@@
Print result
Connect Node: 8309  Max Level: 110  Connected Dep node 100
Childr numb 0:  4347  1:  1917  2:  1012  3:  533  4:  691
End!@@
Print result
Connect Node: 8333  Max Level: 119  Connected Dep node 101
Childr numb 0:  2941  1:  3463  2:  1562  3:  395  4:  139
End!@@
Program Start
Let's find the neighbor!
Total nodes: 8500  isolated node: 33  depended node: 144
the neighbor find end!!
Print result
Connect Node: 8346  Max Level: 121  Connected Dep node 106
Childr numb 0:  4324  1:  1936  2:  998  3:  560  4:  682
End!@@
Print result
Connect Node: 8348  Max Level: 121  Connected Dep node 108
Childr numb 0:  4324  1:  1935  2:  999  3:  559  4:  683
End!@@
Print result
Connect Node: 8348  Max Level: 124  Connected Dep node 108
Childr numb 0:  2923  1:  3481  2:  1578  3:  367  4:  151
End!@@
Program Start
Let's find the neighbor!
Total nodes: 8500  isolated node: 30  depended node: 146
the neighbor find end!!
Print result
Connect Node: 8335  Max Level: 101  Connected Dep node 121
Childr numb 0:  4370  1:  1827  2:  1080  3:  552  4:  671
End!@@
Print result
Connect Node: 8338  Max Level: 101  Connected Dep node 124
Childr numb 0:  4370  1:  1826  2:  1079  3:  554  4:  671
End!@@
Print result
Connect Node: 8343  Max Level: 107  Connected Dep node 124
Childr numb 0:  2961  1:  3429  2:  1580  3:  374  4:  156
End!@@
Program Start
Let's find the neighbor!
Total nodes: 8500  isolated node: 22  depended node: 127
the neighbor find end!!
Print result
Connect Node: 8302  Max Level: 102  Connected Dep node 101
Childr numb 0:  4342  1:  1938  2:  981  3:  561  4:  678
End!@@
Print result
Connect Node: 8304  Max Level: 102  Connected Dep node 103
Childr numb 0:  4341  1:  1939  2:  980  3:  562  4:  678
End!@@
Print result
Connect Node: 8304  Max Level: 109  Connected Dep node 103
Childr numb 0:  2927  1:  3522  2:  1523  3:  383  4:  145
End!@@
Program Start
Let's find the neighbor!
Total nodes: 8500  isolated node: 22  depended node: 124
the neighbor find end!!
Print result
Connect Node: 8272  Max Level: 98  Connected Dep node 95
Childr numb 0:  4364  1:  1917  2:  982  3:  562  4:  675
End!@@
Print result
Connect Node: 8273  Max Level: 98  Connected Dep node 96
Childr numb 0:  4363  1:  1918  2:  982  3:  562  4:  675
End!@@
Print result
Connect Node: 8273  Max Level: 101  Connected Dep node 96
Childr numb 0:  3001  1:  3415  2:  1543  3:  397  4:  144
End!@@
Program Start
Let's find the neighbor!
Total nodes: 8500  isolated node: 24  depended node: 152
the neighbor find end!!
Print result
Connect Node: 8285  Max Level: 95  Connected Dep node 122
Childr numb 0:  4325  1:  1935  2:  1031  3:  555  4:  654
End!@@
Print result
Connect Node: 8287  Max Level: 95  Connected Dep node 124
Childr numb 0:  4323  1:  1937  2:  1031  3:  555  4:  654
End!@@
Print result
Connect Node: 8314  Max Level: 98  Connected Dep node 125
Childr numb 0:  2961  1:  3437  2:  1578  3:  382  4:  142
End!@@
Program Start
Let's find the neighbor!
Total nodes: 8500  isolated node: 19  depended node: 141
the neighbor find end!!
Print result
Connect Node: 8367  Max Level: 104  Connected Dep node 111
Childr numb 0:  4305  1:  1908  2:  1052  3:  593  4:  642
End!@@
Print result
Connect Node: 8369  Max Level: 104  Connected Dep node 113
Childr numb 0:  4305  1:  1907  2:  1052  3:  594  4:  642
End!@@
Print result
Connect Node: 8369  Max Level: 109  Connected Dep node 113
Childr numb 0:  2975  1:  3368  2:  1623  3:  389  4:  145
End!@@
Program Start
Let's find the neighbor!
Total nodes: 8500  isolated node: 34  depended node: 147
the neighbor find end!!
Print result
Connect Node: 8312  Max Level: 101  Connected Dep node 110
Childr numb 0:  4341  1:  1915  2:  1015  3:  554  4:  675
End!@@
Print result
Connect Node: 8312  Max Level: 101  Connected Dep node 110
Childr numb 0:  4341  1:  1915  2:  1015  3:  554  4:  675
End!@@
Print result
Connect Node: 8322  Max Level: 108  Connected Dep node 110
Childr numb 0:  2956  1:  3428  2:  1597  3:  381  4:  138
End!@@
Program Start
Let's find the neighbor!
Total nodes: 8500  isolated node: 27  depended node: 146
the neighbor find end!!
Print result
Connect Node: 8328  Max Level: 116  Connected Dep node 113
Childr numb 0:  4382  1:  1857  2:  1003  3:  574  4:  684
End!@@
Print result
Connect Node: 8328  Max Level: 116  Connected Dep node 113
Childr numb 0:  4382  1:  1857  2:  1003  3:  574  4:  684
End!@@
Print result
Connect Node: 8328  Max Level: 120  Connected Dep node 113
Childr numb 0:  2914  1:  3496  2:  1577  3:  381  4:  132
End!@@
Program Start
Let's find the neighbor!
Total nodes: 8500  isolated node: 26  depended node: 167
the neighbor find end!!
Print result
Connect Node: 8300  Max Level: 102  Connected Dep node 129
Childr numb 0:  4395  1:  1849  2:  987  3:  605  4:  664
End!@@
Print result
Connect Node: 8300  Max Level: 102  Connected Dep node 129
Childr numb 0:  4395  1:  1849  2:  987  3:  605  4:  664
End!@@
Print result
Connect Node: 8302  Max Level: 104  Connected Dep node 130
Childr numb 0:  2982  1:  3407  2:  1580  3:  395  4:  136
End!@@
Program Start
Let's find the neighbor!
Total nodes: 8500  isolated node: 28  depended node: 119
the neighbor find end!!
Print result
Connect Node: 8330  Max Level: 107  Connected Dep node 94
Childr numb 0:  4316  1:  1928  2:  1044  3:  538  4:  674
End!@@
Print result
Connect Node: 8331  Max Level: 107  Connected Dep node 95
Childr numb 0:  4316  1:  1928  2:  1043  3:  539  4:  674
End!@@
Print result
Connect Node: 8331  Max Level: 107  Connected Dep node 95
Childr numb 0:  2964  1:  3427  2:  1590  3:  356  4:  163
End!@@
Program Start
Let's find the neighbor!
Total nodes: 8500  isolated node: 19  depended node: 177
the neighbor find end!!
Print result
Connect Node: 11  Max Level: 6  Connected Dep node 3
Childr numb 0:  8495  1:  2  2:  2  3:  1  4:  0
End!@@
Print result
Connect Node: 12  Max Level: 6  Connected Dep node 3
Childr numb 0:  8495  1:  2  2:  1  3:  2  4:  0
End!@@
Print result
Connect Node: 12  Max Level: 6  Connected Dep node 3
Childr numb 0:  8495  1:  2  2:  1  3:  2  4:  0
End!@@
Program Start
Let's find the neighbor!
Total nodes: 8500  isolated node: 23  depended node: 139
the neighbor find end!!
Print result
Connect Node: 8303  Max Level: 107  Connected Dep node 109
Childr numb 0:  4319  1:  1949  2:  989  3:  602  4:  641
End!@@
Print result
Connect Node: 8305  Max Level: 107  Connected Dep node 111
Childr numb 0:  4319  1:  1948  2:  989  3:  603  4:  641
End!@@
Print result
Connect Node: 8305  Max Level: 101  Connected Dep node 111
Childr numb 0:  2941  1:  3455  2:  1601  3:  370  4:  133
End!@@
Program Start
Let's find the neighbor!
Total nodes: 8500  isolated node: 28  depended node: 152
the neighbor find end!!
Print result
Connect Node: 8390  Max Level: 102  Connected Dep node 129
Childr numb 0:  4272  1:  1984  2:  1012  3:  551  4:  681
End!@@
Print result
Connect Node: 8391  Max Level: 102  Connected Dep node 130
Childr numb 0:  4271  1:  1985  2:  1012  3:  551  4:  681
End!@@
Print result
Connect Node: 8392  Max Level: 99  Connected Dep node 130
Childr numb 0:  2888  1:  3495  2:  1595  3:  386  4:  136
End!@@
Program Start
Let's find the neighbor!
Total nodes: 8500  isolated node: 22  depended node: 132
the neighbor find end!!
Print result
Connect Node: 8300  Max Level: 106  Connected Dep node 102
Childr numb 0:  4332  1:  1910  2:  1050  3:  547  4:  661
End!@@
Print result
Connect Node: 8300  Max Level: 106  Connected Dep node 102
Childr numb 0:  4332  1:  1910  2:  1050  3:  547  4:  661
End!@@
Print result
Connect Node: 8300  Max Level: 107  Connected Dep node 102
Childr numb 0:  2937  1:  3469  2:  1580  3:  390  4:  124
End!@@
Program Start
Let's find the neighbor!
Total nodes: 8500  isolated node: 27  depended node: 131
the neighbor find end!!
Print result
Connect Node: 8245  Max Level: 100  Connected Dep node 93
Childr numb 0:  4356  1:  1926  2:  1002  3:  555  4:  661
End!@@
Print result
Connect Node: 8246  Max Level: 100  Connected Dep node 94
Childr numb 0:  4356  1:  1926  2:  1001  3:  556  4:  661
End!@@
Print result
Connect Node: 8250  Max Level: 103  Connected Dep node 96
Childr numb 0:  2991  1:  3442  2:  1541  3:  384  4:  142
End!@@
Program Start
Let's find the neighbor!
Total nodes: 8500  isolated node: 18  depended node: 145
the neighbor find end!!
Print result
Connect Node: 8034  Max Level: 95  Connected Dep node 112
Childr numb 0:  4459  1:  1860  2:  1019  3:  524  4:  638
End!@@
Print result
Connect Node: 8035  Max Level: 95  Connected Dep node 113
Childr numb 0:  4458  1:  1861  2:  1019  3:  524  4:  638
End!@@
Print result
Connect Node: 8035  Max Level: 99  Connected Dep node 113
Childr numb 0:  3138  1:  3339  2:  1510  3:  388  4:  125
End!@@
Program Start
Let's find the neighbor!
Total nodes: 8500  isolated node: 30  depended node: 147
the neighbor find end!!
Print result
Connect Node: 8375  Max Level: 113  Connected Dep node 123
Childr numb 0:  4313  1:  1931  2:  1016  3:  554  4:  686
End!@@
Print result
Connect Node: 8376  Max Level: 113  Connected Dep node 124
Childr numb 0:  4313  1:  1930  2:  1017  3:  554  4:  686
End!@@
Print result
Connect Node: 8378  Max Level: 111  Connected Dep node 125
Childr numb 0:  2912  1:  3449  2:  1620  3:  393  4:  126
End!@@
Program Start
Let's find the neighbor!
Total nodes: 8500  isolated node: 28  depended node: 175
the neighbor find end!!
Print result
Connect Node: 8213  Max Level: 103  Connected Dep node 119
Childr numb 0:  4422  1:  1849  2:  1015  3:  529  4:  685
End!@@
Print result
Connect Node: 8213  Max Level: 103  Connected Dep node 119
Childr numb 0:  4422  1:  1849  2:  1015  3:  529  4:  685
End!@@
Print result
Connect Node: 8215  Max Level: 110  Connected Dep node 120
Childr numb 0:  3047  1:  3360  2:  1570  3:  384  4:  139
End!@@
Program Start
Let's find the neighbor!
Total nodes: 8500  isolated node: 30  depended node: 133
the neighbor find end!!
Print result
Connect Node: 8320  Max Level: 104  Connected Dep node 107
Childr numb 0:  4338  1:  1919  2:  1021  3:  534  4:  688
End!@@
Print result
Connect Node: 8320  Max Level: 104  Connected Dep node 107
Childr numb 0:  4338  1:  1919  2:  1021  3:  534  4:  688
End!@@
Print result
Connect Node: 8320  Max Level: 105  Connected Dep node 107
Childr numb 0:  2949  1:  3445  2:  1592  3:  370  4:  144
End!@@
Program Start
Let's find the neighbor!
Total nodes: 8500  isolated node: 24  depended node: 146
the neighbor find end!!
Print result
Connect Node: 8325  Max Level: 107  Connected Dep node 112
Childr numb 0:  4316  1:  1953  2:  993  3:  568  4:  670
End!@@
Print result
Connect Node: 8326  Max Level: 107  Connected Dep node 113
Childr numb 0:  4316  1:  1953  2:  992  3:  569  4:  670
End!@@
Print result
Connect Node: 8326  Max Level: 105  Connected Dep node 113
Childr numb 0:  2943  1:  3470  2:  1558  3:  378  4:  151
End!@@
