Program Start
Let's find the neighbor!
Total nodes: 9000  isolated node: 25  depended node: 130
the neighbor find end!!
Print result
Connect Node: 8861  Max Level: 100  Connected Dep node 95
Childr numb 0:  4651  1:  1959  2:  1021  3:  619  4:  750
End!@@
Print result
Connect Node: 8863  Max Level: 100  Connected Dep node 97
Childr numb 0:  4650  1:  1959  2:  1022  3:  619  4:  750
End!@@
Print result
Connect Node: 8863  Max Level: 100  Connected Dep node 97
Childr numb 0:  3121  1:  3665  2:  1605  3:  451  4:  158
End!@@
Program Start
Let's find the neighbor!
Total nodes: 9000  isolated node: 27  depended node: 109
the neighbor find end!!
Print result
Connect Node: 8856  Max Level: 89  Connected Dep node 87
Childr numb 0:  4668  1:  1950  2:  1011  3:  608  4:  763
End!@@
Print result
Connect Node: 8856  Max Level: 89  Connected Dep node 87
Childr numb 0:  4668  1:  1950  2:  1011  3:  608  4:  763
End!@@
Print result
Connect Node: 8856  Max Level: 97  Connected Dep node 87
Childr numb 0:  3157  1:  3582  2:  1683  3:  412  4:  166
End!@@
Program Start
Let's find the neighbor!
Total nodes: 9000  isolated node: 29  depended node: 119
the neighbor find end!!
Print result
Connect Node: 8878  Max Level: 111  Connected Dep node 90
Childr numb 0:  4649  1:  1915  2:  1101  3:  584  4:  751
End!@@
Print result
Connect Node: 8878  Max Level: 111  Connected Dep node 90
Childr numb 0:  4649  1:  1915  2:  1101  3:  584  4:  751
End!@@
Print result
Connect Node: 8878  Max Level: 111  Connected Dep node 90
Childr numb 0:  3175  1:  3606  2:  1595  3:  419  4:  205
End!@@
Program Start
Let's find the neighbor!
Total nodes: 9000  isolated node: 13  depended node: 124
the neighbor find end!!
Print result
Connect Node: 8907  Max Level: 100  Connected Dep node 104
Childr numb 0:  4583  1:  2025  2:  1048  3:  597  4:  747
End!@@
Print result
Connect Node: 8910  Max Level: 100  Connected Dep node 107
Childr numb 0:  4582  1:  2025  2:  1048  3:  598  4:  747
End!@@
Print result
Connect Node: 8917  Max Level: 100  Connected Dep node 110
Childr numb 0:  3145  1:  3579  2:  1684  3:  405  4:  187
End!@@
Program Start
Let's find the neighbor!
Total nodes: 9000  isolated node: 13  depended node: 111
the neighbor find end!!
Print result
Connect Node: 8947  Max Level: 103  Connected Dep node 92
Childr numb 0:  4599  1:  1985  2:  1062  3:  583  4:  771
End!@@
Print result
Connect Node: 8948  Max Level: 103  Connected Dep node 93
Childr numb 0:  4598  1:  1986  2:  1062  3:  583  4:  771
End!@@
Print result
Connect Node: 8948  Max Level: 98  Connected Dep node 93
Childr numb 0:  3089  1:  3656  2:  1641  3:  451  4:  163
End!@@
Program Start
Let's find the neighbor!
Total nodes: 9000  isolated node: 13  depended node: 117
the neighbor find end!!
Print result
Connect Node: 8878  Max Level: 102  Connected Dep node 85
Childr numb 0:  4654  1:  1928  2:  1067  3:  591  4:  760
End!@@
Print result
Connect Node: 8880  Max Level: 102  Connected Dep node 87
Childr numb 0:  4654  1:  1928  2:  1067  3:  589  4:  762
End!@@
Print result
Connect Node: 8882  Max Level: 96  Connected Dep node 88
Childr numb 0:  3201  1:  3497  2:  1708  3:  410  4:  184
End!@@
Program Start
Let's find the neighbor!
Total nodes: 9000  isolated node: 29  depended node: 102
the neighbor find end!!
Print result
Connect Node: 8917  Max Level: 97  Connected Dep node 79
Childr numb 0:  4616  1:  1981  2:  1072  3:  540  4:  791
End!@@
Print result
Connect Node: 8918  Max Level: 97  Connected Dep node 80
Childr numb 0:  4616  1:  1980  2:  1073  3:  540  4:  791
End!@@
Print result
Connect Node: 8918  Max Level: 97  Connected Dep node 80
Childr numb 0:  3102  1:  3649  2:  1661  3:  413  4:  175
End!@@
Program Start
Let's find the neighbor!
Total nodes: 9000  isolated node: 20  depended node: 102
the neighbor find end!!
Print result
Connect Node: 8911  Max Level: 101  Connected Dep node 90
Childr numb 0:  4621  1:  1960  2:  1062  3:  610  4:  747
End!@@
Print result
Connect Node: 8911  Max Level: 101  Connected Dep node 90
Childr numb 0:  4621  1:  1960  2:  1062  3:  610  4:  747
End!@@
Print result
Connect Node: 8911  Max Level: 94  Connected Dep node 90
Childr numb 0:  3107  1:  3650  2:  1645  3:  430  4:  168
End!@@
Program Start
Let's find the neighbor!
Total nodes: 9000  isolated node: 17  depended node: 111
the neighbor find end!!
Print result
Connect Node: 8869  Max Level: 99  Connected Dep node 92
Childr numb 0:  4628  1:  1992  2:  1036  3:  583  4:  761
End!@@
Print result
Connect Node: 8869  Max Level: 99  Connected Dep node 92
Childr numb 0:  4628  1:  1992  2:  1036  3:  583  4:  761
End!@@
Print result
Connect Node: 8869  Max Level: 104  Connected Dep node 92
Childr numb 0:  3237  1:  3472  2:  1665  3:  449  4:  177
End!@@
Program Start
Let's find the neighbor!
Total nodes: 9000  isolated node: 19  depended node: 117
the neighbor find end!!
Print result
Connect Node: 8820  Max Level: 92  Connected Dep node 98
Childr numb 0:  4651  1:  1982  2:  1044  3:  544  4:  779
End!@@
Print result
Connect Node: 8821  Max Level: 92  Connected Dep node 99
Childr numb 0:  4650  1:  1983  2:  1044  3:  544  4:  779
End!@@
Print result
Connect Node: 8821  Max Level: 96  Connected Dep node 99
Childr numb 0:  3191  1:  3595  2:  1588  3:  456  4:  170
End!@@
Program Start
Let's find the neighbor!
Total nodes: 9000  isolated node: 16  depended node: 117
the neighbor find end!!
Print result
Connect Node: 8929  Max Level: 104  Connected Dep node 94
Childr numb 0:  4586  1:  2023  2:  1022  3:  622  4:  747
End!@@
Print result
Connect Node: 8931  Max Level: 104  Connected Dep node 96
Childr numb 0:  4586  1:  2021  2:  1024  3:  622  4:  747
End!@@
Print result
Connect Node: 8931  Max Level: 111  Connected Dep node 96
Childr numb 0:  3112  1:  3593  2:  1724  3:  402  4:  169
End!@@
Program Start
Let's find the neighbor!
Total nodes: 9000  isolated node: 15  depended node: 120
the neighbor find end!!
Print result
Connect Node: 8912  Max Level: 103  Connected Dep node 93
Childr numb 0:  4630  1:  1982  2:  1022  3:  585  4:  781
End!@@
Print result
Connect Node: 8912  Max Level: 103  Connected Dep node 93
Childr numb 0:  4630  1:  1982  2:  1022  3:  585  4:  781
End!@@
Print result
Connect Node: 8912  Max Level: 102  Connected Dep node 93
Childr numb 0:  3102  1:  3621  2:  1694  3:  436  4:  147
End!@@
Program Start
Let's find the neighbor!
Total nodes: 9000  isolated node: 21  depended node: 116
the neighbor find end!!
Print result
Connect Node: 8903  Max Level: 110  Connected Dep node 104
Childr numb 0:  4637  1:  1984  2:  1018  3:  566  4:  795
End!@@
Print result
Connect Node: 8904  Max Level: 110  Connected Dep node 105
Childr numb 0:  4637  1:  1983  2:  1019  3:  566  4:  795
End!@@
Print result
Connect Node: 8904  Max Level: 104  Connected Dep node 105
Childr numb 0:  3159  1:  3577  2:  1650  3:  434  4:  180
End!@@
Program Start
Let's find the neighbor!
Total nodes: 9000  isolated node: 21  depended node: 115
the neighbor find end!!
Print result
Connect Node: 8835  Max Level: 97  Connected Dep node 88
Childr numb 0:  4635  1:  1982  2:  1041  3:  605  4:  737
End!@@
Print result
Connect Node: 8835  Max Level: 97  Connected Dep node 88
Childr numb 0:  4635  1:  1982  2:  1041  3:  605  4:  737
End!@@
Print result
Connect Node: 8835  Max Level: 95  Connected Dep node 88
Childr numb 0:  3169  1:  3602  2:  1637  3:  417  4:  175
End!@@
Program Start
Let's find the neighbor!
Total nodes: 9000  isolated node: 20  depended node: 119
the neighbor find end!!
Print result
Connect Node: 8845  Max Level: 90  Connected Dep node 89
Childr numb 0:  4600  1:  2042  2:  1039  3:  559  4:  760
End!@@
Print result
Connect Node: 8845  Max Level: 90  Connected Dep node 89
Childr numb 0:  4600  1:  2042  2:  1039  3:  559  4:  760
End!@@
Print result
Connect Node: 8856  Max Level: 97  Connected Dep node 89
Childr numb 0:  3156  1:  3605  2:  1630  3:  453  4:  156
End!@@
Program Start
Let's find the neighbor!
Total nodes: 9000  isolated node: 24  depended node: 117
the neighbor find end!!
Print result
Connect Node: 8871  Max Level: 104  Connected Dep node 83
Childr numb 0:  4668  1:  1919  2:  1050  3:  607  4:  756
End!@@
Print result
Connect Node: 8871  Max Level: 104  Connected Dep node 83
Childr numb 0:  4668  1:  1919  2:  1050  3:  607  4:  756
End!@@
Print result
Connect Node: 8877  Max Level: 98  Connected Dep node 83
Childr numb 0:  3153  1:  3588  2:  1677  3:  400  4:  182
End!@@
Program Start
Let's find the neighbor!
Total nodes: 9000  isolated node: 22  depended node: 111
the neighbor find end!!
Print result
Connect Node: 8880  Max Level: 106  Connected Dep node 87
Childr numb 0:  4676  1:  1944  2:  1002  3:  595  4:  783
End!@@
Print result
Connect Node: 8881  Max Level: 106  Connected Dep node 88
Childr numb 0:  4675  1:  1945  2:  1002  3:  595  4:  783
End!@@
Print result
Connect Node: 8881  Max Level: 104  Connected Dep node 88
Childr numb 0:  3124  1:  3655  2:  1618  3:  437  4:  166
End!@@
Program Start
Let's find the neighbor!
Total nodes: 9000  isolated node: 20  depended node: 116
the neighbor find end!!
Print result
Connect Node: 8846  Max Level: 98  Connected Dep node 79
Childr numb 0:  4648  1:  1928  2:  1099  3:  588  4:  737
End!@@
Print result
Connect Node: 8847  Max Level: 98  Connected Dep node 80
Childr numb 0:  4648  1:  1928  2:  1098  3:  589  4:  737
End!@@
Print result
Connect Node: 8847  Max Level: 109  Connected Dep node 80
Childr numb 0:  3171  1:  3561  2:  1696  3:  402  4:  170
End!@@
Program Start
Let's find the neighbor!
Total nodes: 9000  isolated node: 14  depended node: 113
the neighbor find end!!
Print result
Connect Node: 8892  Max Level: 92  Connected Dep node 89
Childr numb 0:  4610  1:  1985  2:  1076  3:  568  4:  761
End!@@
Print result
Connect Node: 8892  Max Level: 92  Connected Dep node 89
Childr numb 0:  4610  1:  1985  2:  1076  3:  568  4:  761
End!@@
Print result
Connect Node: 8892  Max Level: 90  Connected Dep node 89
Childr numb 0:  3127  1:  3627  2:  1650  3:  426  4:  170
End!@@
Program Start
Let's find the neighbor!
Total nodes: 9000  isolated node: 24  depended node: 113
the neighbor find end!!
Print result
Connect Node: 8917  Max Level: 114  Connected Dep node 97
Childr numb 0:  4569  1:  2010  2:  1083  3:  614  4:  724
End!@@
Print result
Connect Node: 8918  Max Level: 114  Connected Dep node 98
Childr numb 0:  4568  1:  2011  2:  1083  3:  614  4:  724
End!@@
Print result
Connect Node: 8918  Max Level: 104  Connected Dep node 98
Childr numb 0:  3175  1:  3505  2:  1715  3:  440  4:  165
End!@@
Program Start
Let's find the neighbor!
Total nodes: 9000  isolated node: 20  depended node: 120
the neighbor find end!!
Print result
Connect Node: 8843  Max Level: 99  Connected Dep node 96
Childr numb 0:  4693  1:  1918  2:  1012  3:  613  4:  764
End!@@
Print result
Connect Node: 8844  Max Level: 99  Connected Dep node 97
Childr numb 0:  4693  1:  1918  2:  1012  3:  612  4:  765
End!@@
Print result
Connect Node: 8844  Max Level: 97  Connected Dep node 97
Childr numb 0:  3170  1:  3555  2:  1702  3:  413  4:  160
End!@@
Program Start
Let's find the neighbor!
Total nodes: 9000  isolated node: 26  depended node: 131
the neighbor find end!!
Print result
Connect Node: 8884  Max Level: 100  Connected Dep node 99
Childr numb 0:  4664  1:  1912  2:  1065  3:  601  4:  758
End!@@
Print result
Connect Node: 8889  Max Level: 100  Connected Dep node 104
Childr numb 0:  4663  1:  1910  2:  1067  3:  602  4:  758
End!@@
Print result
Connect Node: 8889  Max Level: 102  Connected Dep node 104
Childr numb 0:  3203  1:  3468  2:  1734  3:  434  4:  161
End!@@
Program Start
Let's find the neighbor!
Total nodes: 9000  isolated node: 18  depended node: 123
the neighbor find end!!
Print result
Connect Node: 8888  Max Level: 112  Connected Dep node 103
Childr numb 0:  4605  1:  1995  2:  1072  3:  567  4:  761
End!@@
Print result
Connect Node: 8890  Max Level: 112  Connected Dep node 105
Childr numb 0:  4604  1:  1995  2:  1073  3:  567  4:  761
End!@@
Print result
Connect Node: 8890  Max Level: 103  Connected Dep node 105
Childr numb 0:  3149  1:  3617  2:  1617  3:  433  4:  184
End!@@
Program Start
Let's find the neighbor!
Total nodes: 9000  isolated node: 12  depended node: 119
the neighbor find end!!
Print result
Connect Node: 8927  Max Level: 111  Connected Dep node 100
Childr numb 0:  4630  1:  1934  2:  1073  3:  610  4:  753
End!@@
Print result
Connect Node: 8929  Max Level: 111  Connected Dep node 102
Childr numb 0:  4628  1:  1936  2:  1073  3:  610  4:  753
End!@@
Print result
Connect Node: 8929  Max Level: 113  Connected Dep node 102
Childr numb 0:  3147  1:  3560  2:  1691  3:  426  4:  176
End!@@
Program Start
Let's find the neighbor!
Total nodes: 9000  isolated node: 14  depended node: 136
the neighbor find end!!
Print result
Connect Node: 8919  Max Level: 103  Connected Dep node 113
Childr numb 0:  4618  1:  1929  2:  1128  3:  572  4:  753
End!@@
Print result
Connect Node: 8921  Max Level: 100  Connected Dep node 115
Childr numb 0:  4618  1:  1928  2:  1128  3:  573  4:  753
End!@@
Print result
Connect Node: 8921  Max Level: 101  Connected Dep node 115
Childr numb 0:  3147  1:  3567  2:  1680  3:  436  4:  170
End!@@
Program Start
Let's find the neighbor!
Total nodes: 9000  isolated node: 21  depended node: 98
the neighbor find end!!
Print result
Connect Node: 8839  Max Level: 91  Connected Dep node 85
Childr numb 0:  4656  1:  1971  2:  1020  3:  593  4:  760
End!@@
Print result
Connect Node: 8839  Max Level: 91  Connected Dep node 85
Childr numb 0:  4656  1:  1971  2:  1020  3:  593  4:  760
End!@@
Print result
Connect Node: 8843  Max Level: 93  Connected Dep node 85
Childr numb 0:  3192  1:  3555  2:  1659  3:  415  4:  179
End!@@
Program Start
Let's find the neighbor!
Total nodes: 9000  isolated node: 16  depended node: 104
the neighbor find end!!
Print result
Connect Node: 8894  Max Level: 99  Connected Dep node 82
Childr numb 0:  4609  1:  2001  2:  1034  3:  607  4:  749
End!@@
Print result
Connect Node: 8895  Max Level: 99  Connected Dep node 83
Childr numb 0:  4608  1:  2002  2:  1034  3:  607  4:  749
End!@@
Print result
Connect Node: 8895  Max Level: 103  Connected Dep node 83
Childr numb 0:  3167  1:  3541  2:  1696  3:  430  4:  166
End!@@
Program Start
Let's find the neighbor!
Total nodes: 9000  isolated node: 29  depended node: 116
the neighbor find end!!
Print result
Connect Node: 8879  Max Level: 97  Connected Dep node 93
Childr numb 0:  4678  1:  1937  2:  994  3:  615  4:  776
End!@@
Print result
Connect Node: 8880  Max Level: 97  Connected Dep node 94
Childr numb 0:  4678  1:  1937  2:  994  3:  614  4:  777
End!@@
Print result
Connect Node: 8880  Max Level: 103  Connected Dep node 94
Childr numb 0:  3134  1:  3604  2:  1681  3:  415  4:  166
End!@@
Program Start
Let's find the neighbor!
Total nodes: 9000  isolated node: 21  depended node: 118
the neighbor find end!!
Print result
Connect Node: 8835  Max Level: 101  Connected Dep node 92
Childr numb 0:  4657  1:  1943  2:  1072  3:  574  4:  754
End!@@
Print result
Connect Node: 8836  Max Level: 101  Connected Dep node 93
Childr numb 0:  4657  1:  1943  2:  1072  3:  573  4:  755
End!@@
Print result
Connect Node: 8836  Max Level: 98  Connected Dep node 93
Childr numb 0:  3191  1:  3541  2:  1682  3:  423  4:  163
End!@@
Program Start
Let's find the neighbor!
Total nodes: 9000  isolated node: 18  depended node: 118
the neighbor find end!!
Print result
Connect Node: 8907  Max Level: 112  Connected Dep node 91
Childr numb 0:  4636  1:  1990  2:  989  3:  606  4:  779
End!@@
Print result
Connect Node: 8907  Max Level: 112  Connected Dep node 91
Childr numb 0:  4636  1:  1990  2:  989  3:  606  4:  779
End!@@
Print result
Connect Node: 8907  Max Level: 108  Connected Dep node 91
Childr numb 0:  3122  1:  3616  2:  1661  3:  440  4:  161
End!@@
