Program Start
Let's find the neighbor!
Total nodes: 9500  isolated node: 11  depended node: 101
the neighbor find end!!
Print result
Connect Node: 9450  Max Level: 92  Connected Dep node 78
Childr numb 0:  4962  1:  1982  2:  1062  3:  635  4:  859
End!@@
Print result
Connect Node: 9450  Max Level: 92  Connected Dep node 78
Childr numb 0:  4962  1:  1982  2:  1062  3:  635  4:  859
End!@@
Print result
Connect Node: 9450  Max Level: 93  Connected Dep node 78
Childr numb 0:  3398  1:  3671  2:  1731  3:  486  4:  214
End!@@
Program Start
Let's find the neighbor!
Total nodes: 9500  isolated node: 22  depended node: 112
the neighbor find end!!
Print result
Connect Node: 9413  Max Level: 112  Connected Dep node 92
Childr numb 0:  4970  1:  1993  2:  1044  3:  645  4:  848
End!@@
Print result
Connect Node: 9413  Max Level: 112  Connected Dep node 92
Childr numb 0:  4970  1:  1993  2:  1044  3:  645  4:  848
End!@@
Print result
Connect Node: 9413  Max Level: 110  Connected Dep node 92
Childr numb 0:  3374  1:  3713  2:  1740  3:  477  4:  196
End!@@
Program Start
Let's find the neighbor!
Total nodes: 9500  isolated node: 20  depended node: 78
the neighbor find end!!
Print result
Connect Node: 9423  Max Level: 96  Connected Dep node 64
Childr numb 0:  5009  1:  1955  2:  1026  3:  635  4:  875
End!@@
Print result
Connect Node: 9426  Max Level: 96  Connected Dep node 67
Childr numb 0:  5008  1:  1955  2:  1026  3:  636  4:  875
End!@@
Print result
Connect Node: 9426  Max Level: 95  Connected Dep node 67
Childr numb 0:  3345  1:  3782  2:  1688  3:  483  4:  202
End!@@
Program Start
Let's find the neighbor!
Total nodes: 9500  isolated node: 16  depended node: 100
the neighbor find end!!
Print result
Connect Node: 9415  Max Level: 89  Connected Dep node 83
Childr numb 0:  5008  1:  1922  2:  1077  3:  643  4:  850
End!@@
Print result
Connect Node: 9415  Max Level: 89  Connected Dep node 83
Childr numb 0:  5008  1:  1922  2:  1077  3:  643  4:  850
End!@@
Print result
Connect Node: 9420  Max Level: 89  Connected Dep node 83
Childr numb 0:  3334  1:  3778  2:  1725  3:  470  4:  193
End!@@
Program Start
Let's find the neighbor!
Total nodes: 9500  isolated node: 21  depended node: 89
the neighbor find end!!
Print result
Connect Node: 9389  Max Level: 101  Connected Dep node 76
Childr numb 0:  4969  1:  2017  2:  1025  3:  637  4:  852
End!@@
Print result
Connect Node: 9390  Max Level: 101  Connected Dep node 77
Childr numb 0:  4968  1:  2018  2:  1025  3:  637  4:  852
End!@@
Print result
Connect Node: 9390  Max Level: 104  Connected Dep node 77
Childr numb 0:  3420  1:  3664  2:  1719  3:  503  4:  194
End!@@
Program Start
Let's find the neighbor!
Total nodes: 9500  isolated node: 13  depended node: 89
the neighbor find end!!
Print result
Connect Node: 9411  Max Level: 94  Connected Dep node 79
Childr numb 0:  4961  1:  2003  2:  1065  3:  614  4:  857
End!@@
Print result
Connect Node: 9411  Max Level: 94  Connected Dep node 79
Childr numb 0:  4961  1:  2003  2:  1065  3:  614  4:  857
End!@@
Print result
Connect Node: 9411  Max Level: 96  Connected Dep node 79
Childr numb 0:  3391  1:  3696  2:  1751  3:  443  4:  219
End!@@
Program Start
Let's find the neighbor!
Total nodes: 9500  isolated node: 19  depended node: 94
the neighbor find end!!
Print result
Connect Node: 9417  Max Level: 102  Connected Dep node 80
Childr numb 0:  4954  1:  1997  2:  1076  3:  632  4:  841
End!@@
Print result
Connect Node: 9418  Max Level: 102  Connected Dep node 81
Childr numb 0:  4954  1:  1997  2:  1075  3:  633  4:  841
End!@@
Print result
Connect Node: 9418  Max Level: 103  Connected Dep node 81
Childr numb 0:  3371  1:  3754  2:  1684  3:  476  4:  215
End!@@
Program Start
Let's find the neighbor!
Total nodes: 9500  isolated node: 14  depended node: 96
the neighbor find end!!
Print result
Connect Node: 9415  Max Level: 98  Connected Dep node 79
Childr numb 0:  4993  1:  1976  2:  1045  3:  599  4:  887
End!@@
Print result
Connect Node: 9416  Max Level: 98  Connected Dep node 80
Childr numb 0:  4993  1:  1976  2:  1044  3:  600  4:  887
End!@@
Print result
Connect Node: 9416  Max Level: 95  Connected Dep node 80
Childr numb 0:  3363  1:  3744  2:  1716  3:  472  4:  205
End!@@
Program Start
Let's find the neighbor!
Total nodes: 9500  isolated node: 7  depended node: 98
the neighbor find end!!
Print result
Connect Node: 9440  Max Level: 90  Connected Dep node 83
Childr numb 0:  4916  1:  2054  2:  1063  3:  618  4:  849
End!@@
Print result
Connect Node: 9440  Max Level: 90  Connected Dep node 83
Childr numb 0:  4916  1:  2054  2:  1063  3:  618  4:  849
End!@@
Print result
Connect Node: 9443  Max Level: 91  Connected Dep node 83
Childr numb 0:  3385  1:  3689  2:  1733  3:  494  4:  199
End!@@
Program Start
Let's find the neighbor!
Total nodes: 9500  isolated node: 14  depended node: 94
the neighbor find end!!
Print result
Connect Node: 9433  Max Level: 104  Connected Dep node 83
Childr numb 0:  4954  1:  1990  2:  1053  3:  678  4:  825
End!@@
Print result
Connect Node: 9434  Max Level: 104  Connected Dep node 84
Childr numb 0:  4954  1:  1990  2:  1052  3:  679  4:  825
End!@@
Print result
Connect Node: 9434  Max Level: 90  Connected Dep node 84
Childr numb 0:  3372  1:  3700  2:  1746  3:  489  4:  193
End!@@
Program Start
Let's find the neighbor!
Total nodes: 9500  isolated node: 18  depended node: 96
the neighbor find end!!
Print result
Connect Node: 9424  Max Level: 98  Connected Dep node 79
Childr numb 0:  4978  1:  1954  2:  1109  3:  594  4:  865
End!@@
Print result
Connect Node: 9424  Max Level: 98  Connected Dep node 79
Childr numb 0:  4978  1:  1954  2:  1109  3:  594  4:  865
End!@@
Print result
Connect Node: 9424  Max Level: 94  Connected Dep node 79
Childr numb 0:  3382  1:  3723  2:  1697  3:  495  4:  203
End!@@
Program Start
Let's find the neighbor!
Total nodes: 9500  isolated node: 22  depended node: 128
the neighbor find end!!
Print result
Connect Node: 9414  Max Level: 98  Connected Dep node 110
Childr numb 0:  4943  1:  2034  2:  1059  3:  596  4:  868
End!@@
Print result
Connect Node: 9414  Max Level: 98  Connected Dep node 110
Childr numb 0:  4943  1:  2034  2:  1059  3:  596  4:  868
End!@@
Print result
Connect Node: 9414  Max Level: 89  Connected Dep node 110
Childr numb 0:  3397  1:  3665  2:  1787  3:  431  4:  220
End!@@
Program Start
Let's find the neighbor!
Total nodes: 9500  isolated node: 9  depended node: 88
the neighbor find end!!
Print result
Connect Node: 9385  Max Level: 106  Connected Dep node 64
Childr numb 0:  4976  1:  1999  2:  1040  3:  638  4:  847
End!@@
Print result
Connect Node: 9385  Max Level: 106  Connected Dep node 64
Childr numb 0:  4976  1:  1999  2:  1040  3:  638  4:  847
End!@@
Print result
Connect Node: 9385  Max Level: 110  Connected Dep node 64
Childr numb 0:  3391  1:  3704  2:  1740  3:  463  4:  202
End!@@
Program Start
Let's find the neighbor!
Total nodes: 9500  isolated node: 6  depended node: 102
the neighbor find end!!
Print result
Connect Node: 9232  Max Level: 98  Connected Dep node 72
Childr numb 0:  5080  1:  1908  2:  1059  3:  609  4:  844
End!@@
Print result
Connect Node: 9233  Max Level: 98  Connected Dep node 73
Childr numb 0:  5079  1:  1909  2:  1059  3:  609  4:  844
End!@@
Print result
Connect Node: 9233  Max Level: 91  Connected Dep node 73
Childr numb 0:  3516  1:  3640  2:  1652  3:  482  4:  210
End!@@
Program Start
Let's find the neighbor!
Total nodes: 9500  isolated node: 10  depended node: 95
the neighbor find end!!
Print result
Connect Node: 9455  Max Level: 93  Connected Dep node 85
Childr numb 0:  4900  1:  2030  2:  1116  3:  634  4:  820
End!@@
Print result
Connect Node: 9455  Max Level: 93  Connected Dep node 85
Childr numb 0:  4900  1:  2030  2:  1116  3:  634  4:  820
End!@@
Print result
Connect Node: 9455  Max Level: 90  Connected Dep node 85
Childr numb 0:  3302  1:  3814  2:  1719  3:  468  4:  197
End!@@
Program Start
Let's find the neighbor!
Total nodes: 9500  isolated node: 11  depended node: 88
the neighbor find end!!
Print result
Connect Node: 9426  Max Level: 95  Connected Dep node 70
Childr numb 0:  4958  1:  2019  2:  1036  3:  615  4:  872
End!@@
Print result
Connect Node: 9428  Max Level: 95  Connected Dep node 71
Childr numb 0:  4958  1:  2017  2:  1038  3:  615  4:  872
End!@@
Print result
Connect Node: 9430  Max Level: 95  Connected Dep node 72
Childr numb 0:  3311  1:  3850  2:  1641  3:  496  4:  202
End!@@
Program Start
Let's find the neighbor!
Total nodes: 9500  isolated node: 16  depended node: 114
the neighbor find end!!
Print result
Connect Node: 9417  Max Level: 103  Connected Dep node 90
Childr numb 0:  4961  1:  1995  2:  1064  3:  633  4:  847
End!@@
Print result
Connect Node: 9417  Max Level: 103  Connected Dep node 90
Childr numb 0:  4961  1:  1995  2:  1064  3:  633  4:  847
End!@@
Print result
Connect Node: 9417  Max Level: 103  Connected Dep node 90
Childr numb 0:  3401  1:  3692  2:  1714  3:  482  4:  211
End!@@
Program Start
Let's find the neighbor!
Total nodes: 9500  isolated node: 13  depended node: 95
the neighbor find end!!
Print result
Connect Node: 9405  Max Level: 100  Connected Dep node 81
Childr numb 0:  4972  1:  1975  2:  1080  3:  633  4:  840
End!@@
Print result
Connect Node: 9407  Max Level: 100  Connected Dep node 83
Childr numb 0:  4971  1:  1975  2:  1081  3:  633  4:  840
End!@@
Print result
Connect Node: 9407  Max Level: 95  Connected Dep node 83
Childr numb 0:  3409  1:  3672  2:  1734  3:  484  4:  201
End!@@
Program Start
Let's find the neighbor!
Total nodes: 9500  isolated node: 16  depended node: 92
the neighbor find end!!
Print result
Connect Node: 9382  Max Level: 110  Connected Dep node 77
Childr numb 0:  4991  1:  1988  2:  1049  3:  595  4:  877
End!@@
Print result
Connect Node: 9383  Max Level: 110  Connected Dep node 78
Childr numb 0:  4991  1:  1988  2:  1048  3:  596  4:  877
End!@@
Print result
Connect Node: 9383  Max Level: 107  Connected Dep node 78
Childr numb 0:  3421  1:  3678  2:  1718  3:  466  4:  217
End!@@
Program Start
Let's find the neighbor!
Total nodes: 9500  isolated node: 10  depended node: 89
the neighbor find end!!
Print result
Connect Node: 9451  Max Level: 95  Connected Dep node 79
Childr numb 0:  4944  1:  1994  2:  1088  3:  624  4:  850
End!@@
Print result
Connect Node: 9453  Max Level: 95  Connected Dep node 81
Childr numb 0:  4943  1:  1994  2:  1089  3:  624  4:  850
End!@@
Print result
Connect Node: 9453  Max Level: 93  Connected Dep node 81
Childr numb 0:  3341  1:  3753  2:  1721  3:  491  4:  194
End!@@
Program Start
Let's find the neighbor!
Total nodes: 9500  isolated node: 19  depended node: 92
the neighbor find end!!
Print result
Connect Node: 9448  Max Level: 91  Connected Dep node 77
Childr numb 0:  4947  1:  2006  2:  1069  3:  617  4:  861
End!@@
Print result
Connect Node: 9448  Max Level: 91  Connected Dep node 77
Childr numb 0:  4947  1:  2006  2:  1069  3:  617  4:  861
End!@@
Print result
Connect Node: 9448  Max Level: 92  Connected Dep node 77
Childr numb 0:  3316  1:  3807  2:  1709  3:  458  4:  210
End!@@
Program Start
Let's find the neighbor!
Total nodes: 9500  isolated node: 17  depended node: 91
the neighbor find end!!
Print result
Connect Node: 9433  Max Level: 91  Connected Dep node 70
Childr numb 0:  4968  1:  1984  2:  1076  3:  596  4:  876
End!@@
Print result
Connect Node: 9434  Max Level: 91  Connected Dep node 71
Childr numb 0:  4973  1:  1979  2:  1072  3:  598  4:  878
End!@@
Print result
Connect Node: 9434  Max Level: 93  Connected Dep node 71
Childr numb 0:  3334  1:  3778  2:  1705  3:  491  4:  192
End!@@
Program Start
Let's find the neighbor!
Total nodes: 9500  isolated node: 13  depended node: 88
the neighbor find end!!
Print result
Connect Node: 9445  Max Level: 98  Connected Dep node 72
Childr numb 0:  5023  1:  1901  2:  1070  3:  626  4:  880
End!@@
Print result
Connect Node: 9445  Max Level: 98  Connected Dep node 72
Childr numb 0:  5023  1:  1901  2:  1070  3:  626  4:  880
End!@@
Print result
Connect Node: 9445  Max Level: 93  Connected Dep node 72
Childr numb 0:  3358  1:  3755  2:  1684  3:  496  4:  207
End!@@
Program Start
Let's find the neighbor!
Total nodes: 9500  isolated node: 12  depended node: 88
the neighbor find end!!
Print result
Connect Node: 9462  Max Level: 97  Connected Dep node 70
Childr numb 0:  4947  1:  1973  2:  1096  3:  642  4:  842
End!@@
Print result
Connect Node: 9464  Max Level: 97  Connected Dep node 72
Childr numb 0:  4947  1:  1972  2:  1097  3:  641  4:  843
End!@@
Print result
Connect Node: 9465  Max Level: 100  Connected Dep node 72
Childr numb 0:  3337  1:  3757  2:  1718  3:  483  4:  205
End!@@
Program Start
Let's find the neighbor!
Total nodes: 9500  isolated node: 19  depended node: 106
the neighbor find end!!
Print result
Connect Node: 9358  Max Level: 102  Connected Dep node 82
Childr numb 0:  5027  1:  1924  2:  1080  3:  609  4:  860
End!@@
Print result
Connect Node: 9359  Max Level: 102  Connected Dep node 83
Childr numb 0:  5026  1:  1925  2:  1080  3:  609  4:  860
End!@@
Print result
Connect Node: 9359  Max Level: 101  Connected Dep node 83
Childr numb 0:  3466  1:  3593  2:  1757  3:  491  4:  193
End!@@
Program Start
Let's find the neighbor!
Total nodes: 9500  isolated node: 17  depended node: 111
the neighbor find end!!
Print result
Connect Node: 9389  Max Level: 102  Connected Dep node 87
Childr numb 0:  4991  1:  2003  2:  1011  3:  623  4:  872
End!@@
Print result
Connect Node: 9390  Max Level: 102  Connected Dep node 88
Childr numb 0:  4991  1:  2003  2:  1010  3:  624  4:  872
End!@@
Print result
Connect Node: 9405  Max Level: 103  Connected Dep node 89
Childr numb 0:  3383  1:  3719  2:  1719  3:  475  4:  204
End!@@
Program Start
Let's find the neighbor!
Total nodes: 9500  isolated node: 16  depended node: 83
the neighbor find end!!
Print result
Connect Node: 9403  Max Level: 95  Connected Dep node 73
Childr numb 0:  4969  1:  1986  2:  1076  3:  617  4:  852
End!@@
Print result
Connect Node: 9404  Max Level: 95  Connected Dep node 74
Childr numb 0:  4969  1:  1986  2:  1075  3:  618  4:  852
End!@@
Print result
Connect Node: 9404  Max Level: 90  Connected Dep node 74
Childr numb 0:  3346  1:  3763  2:  1742  3:  445  4:  204
End!@@
Program Start
Let's find the neighbor!
Total nodes: 9500  isolated node: 16  depended node: 93
the neighbor find end!!
Print result
Connect Node: 9396  Max Level: 104  Connected Dep node 80
Childr numb 0:  4938  1:  2005  2:  1116  3:  608  4:  833
End!@@
Print result
Connect Node: 9397  Max Level: 104  Connected Dep node 81
Childr numb 0:  4938  1:  2005  2:  1116  3:  607  4:  834
End!@@
Print result
Connect Node: 9397  Max Level: 99  Connected Dep node 81
Childr numb 0:  3424  1:  3643  2:  1764  3:  453  4:  216
End!@@
Program Start
Let's find the neighbor!
Total nodes: 9500  isolated node: 13  depended node: 100
the neighbor find end!!
Print result
Connect Node: 9424  Max Level: 92  Connected Dep node 83
Childr numb 0:  4935  1:  2004  2:  1113  3:  606  4:  842
End!@@
Print result
Connect Node: 9425  Max Level: 92  Connected Dep node 84
Childr numb 0:  4935  1:  2004  2:  1112  3:  607  4:  842
End!@@
Print result
Connect Node: 9427  Max Level: 90  Connected Dep node 85
Childr numb 0:  3352  1:  3738  2:  1735  3:  489  4:  186
End!@@
Program Start
Let's find the neighbor!
Total nodes: 9500  isolated node: 16  depended node: 100
the neighbor find end!!
Print result
Connect Node: 9407  Max Level: 96  Connected Dep node 88
Childr numb 0:  4995  1:  1949  2:  1062  3:  649  4:  845
End!@@
Print result
Connect Node: 9407  Max Level: 96  Connected Dep node 88
Childr numb 0:  4995  1:  1949  2:  1062  3:  649  4:  845
End!@@
Print result
Connect Node: 9407  Max Level: 96  Connected Dep node 88
Childr numb 0:  3409  1:  3691  2:  1700  3:  491  4:  209
End!@@
